<?xml version="1.0" encoding="UTF-8"?>
<testng-results ignored="0" total="2" passed="2" failed="0" skipped="0">
  <reporter-output>
    <line>
      <![CDATA[verified]]>
    </line>
  </reporter-output>
  <suite started-at="2026-07-03T21:10:03 IST" name="Suite" finished-at="2026-07-03T21:10:36 IST" duration-ms="32644">
    <groups>
    </groups>
    <test started-at="2026-07-03T21:10:03 IST" name="Test" finished-at="2026-07-03T21:10:36 IST" duration-ms="32644">
      <class name="maintest.addEmployeeTest">
        <test-method is-config="true" signature="setup()[pri:0, instance:maintest.addEmployeeTest@3023df74]" started-at="2026-07-03T21:10:03 IST" name="setup" finished-at="2026-07-03T21:10:14 IST" duration-ms="11222" status="PASS">
          <reporter-output>
          </reporter-output>
        </test-method> <!-- setup -->
        <test-method signature="test()[pri:0, instance:maintest.addEmployeeTest@3023df74]" started-at="2026-07-03T21:10:14 IST" name="test" finished-at="2026-07-03T21:10:19 IST" duration-ms="4439" status="PASS">
          <reporter-output>
          </reporter-output>
        </test-method> <!-- test -->
        <test-method is-config="true" signature="teardown()[pri:0, instance:maintest.addEmployeeTest@3023df74]" started-at="2026-07-03T21:10:19 IST" name="teardown" finished-at="2026-07-03T21:10:20 IST" duration-ms="1664" status="PASS">
          <reporter-output>
          </reporter-output>
        </test-method> <!-- teardown -->
      </class> <!-- maintest.addEmployeeTest -->
      <class name="maintest.dashboardTest">
        <test-method is-config="true" signature="setup()[pri:0, instance:maintest.dashboardTest@36fc695d]" started-at="2026-07-03T21:10:20 IST" name="setup" finished-at="2026-07-03T21:10:32 IST" duration-ms="11999" status="PASS">
          <reporter-output>
          </reporter-output>
        </test-method> <!-- setup -->
        <test-method signature="checkDashboard()[pri:0, instance:maintest.dashboardTest@36fc695d]" started-at="2026-07-03T21:10:32 IST" name="checkDashboard" finished-at="2026-07-03T21:10:34 IST" duration-ms="2071" status="PASS">
          <reporter-output>
            <line>
              <![CDATA[verified]]>
            </line>
          </reporter-output>
        </test-method> <!-- checkDashboard -->
        <test-method is-config="true" signature="teardown()[pri:0, instance:maintest.dashboardTest@36fc695d]" started-at="2026-07-03T21:10:34 IST" name="teardown" finished-at="2026-07-03T21:10:36 IST" duration-ms="1192" status="PASS">
          <reporter-output>
          </reporter-output>
        </test-method> <!-- teardown -->
      </class> <!-- maintest.dashboardTest -->
    </test> <!-- Test -->
  </suite> <!-- Suite -->
</testng-results>
