<?xml version="1.0" encoding="UTF-8"?>
<!-- Generated by org.testng.reporters.JUnitReportReporter -->
<testsuite hostname="shreyas" failures="0" tests="1" name="maintest.dashboardTest" time="15.262" errors="0" timestamp="2026-07-03T21:10:36 IST" skipped="0">
  <testcase classname="maintest.dashboardTest" name="checkDashboard" time="15.262">
    <system-out>
      <![CDATA[verified]]>
    </system-out>
  </testcase> <!-- checkDashboard -->
  <system-out>
    <![CDATA[verified]]>
  </system-out>
</testsuite> <!-- maintest.dashboardTest -->
